<?xml version="1.0" encoding="UTF-8"?>
<testsuite xmlns:xsi="http://www.w3.org/2001/XMLSchema-instance" xsi:noNamespaceSchemaLocation="https://maven.apache.org/surefire/maven-surefire-plugin/xsd/surefire-test-report-3.0.xsd" version="3.0" name="TestSuite" time="0.882" tests="3" errors="0" skipped="0" failures="0">
  <properties>
    <property name="java.specification.version" value="18"/>
    <property name="sun.jnu.encoding" value="UTF-8"/>
    <property name="java.class.path" value="/Users/adishsharma/Desktop/MavenTest/maven_test/target/test-classes:/Users/adishsharma/Desktop/MavenTest/maven_test/target/classes:/Users/adishsharma/.m2/repository/org/json/json/20220924/json-20220924.jar:/Users/adishsharma/.m2/repository/org/testng/testng/6.5.1/testng-6.5.1.jar:/Users/adishsharma/.m2/repository/junit/junit/4.10/junit-4.10.jar:/Users/adishsharma/.m2/repository/org/hamcrest/hamcrest-core/1.1/hamcrest-core-1.1.jar:/Users/adishsharma/.m2/repository/org/beanshell/bsh/2.0b4/bsh-2.0b4.jar:/Users/adishsharma/.m2/repository/com/beust/jcommander/1.12/jcommander-1.12.jar:/Users/adishsharma/.m2/repository/org/yaml/snakeyaml/1.6/snakeyaml-1.6.jar:"/>
    <property name="java.vm.vendor" value="Homebrew"/>
    <property name="sun.arch.data.model" value="64"/>
    <property name="java.vendor.url" value="https://github.com/Homebrew/homebrew-core/issues"/>
    <property name="user.timezone" value="Asia/Kolkata"/>
    <property name="os.name" value="Mac OS X"/>
    <property name="java.vm.specification.version" value="18"/>
    <property name="sun.java.launcher" value="SUN_STANDARD"/>
    <property name="user.country" value="IN"/>
    <property name="sun.boot.library.path" value="/usr/local/Cellar/openjdk/18.0.1.1/libexec/openjdk.jdk/Contents/Home/lib"/>
    <property name="sun.java.command" value="/Users/adishsharma/Desktop/MavenTest/maven_test/target/surefire/surefirebooter6267737865294894583.jar /Users/adishsharma/Desktop/MavenTest/maven_test/target/surefire 2023-10-04T16-48-20_038-jvmRun1 surefire6406333542693010827tmp surefire_016373024847469850820tmp"/>
    <property name="jdk.debug" value="release"/>
    <property name="surefire.test.class.path" value="/Users/adishsharma/Desktop/MavenTest/maven_test/target/test-classes:/Users/adishsharma/Desktop/MavenTest/maven_test/target/classes:/Users/adishsharma/.m2/repository/org/json/json/20220924/json-20220924.jar:/Users/adishsharma/.m2/repository/org/testng/testng/6.5.1/testng-6.5.1.jar:/Users/adishsharma/.m2/repository/junit/junit/4.10/junit-4.10.jar:/Users/adishsharma/.m2/repository/org/hamcrest/hamcrest-core/1.1/hamcrest-core-1.1.jar:/Users/adishsharma/.m2/repository/org/beanshell/bsh/2.0b4/bsh-2.0b4.jar:/Users/adishsharma/.m2/repository/com/beust/jcommander/1.12/jcommander-1.12.jar:/Users/adishsharma/.m2/repository/org/yaml/snakeyaml/1.6/snakeyaml-1.6.jar:"/>
    <property name="sun.cpu.endian" value="little"/>
    <property name="user.home" value="/Users/adishsharma"/>
    <property name="user.language" value="en"/>
    <property name="java.specification.vendor" value="Oracle Corporation"/>
    <property name="java.version.date" value="2022-04-22"/>
    <property name="java.home" value="/usr/local/Cellar/openjdk/18.0.1.1/libexec/openjdk.jdk/Contents/Home"/>
    <property name="file.separator" value="/"/>
    <property name="basedir" value="/Users/adishsharma/Desktop/MavenTest/maven_test"/>
    <property name="java.vm.compressedOopsMode" value="Zero based"/>
    <property name="line.separator" value="&#10;"/>
    <property name="java.vm.specification.vendor" value="Oracle Corporation"/>
    <property name="java.specification.name" value="Java Platform API Specification"/>
    <property name="apple.awt.application.name" value="ForkedBooter"/>
    <property name="surefire.real.class.path" value="/Users/adishsharma/Desktop/MavenTest/maven_test/target/surefire/surefirebooter6267737865294894583.jar"/>
    <property name="sun.management.compiler" value="HotSpot 64-Bit Tiered Compilers"/>
    <property name="java.runtime.version" value="18.0.1.1+0"/>
    <property name="user.name" value="adishsharma"/>
    <property name="path.separator" value=":"/>
    <property name="os.version" value="13.4"/>
    <property name="java.runtime.name" value="OpenJDK Runtime Environment"/>
    <property name="file.encoding" value="UTF-8"/>
    <property name="java.vm.name" value="OpenJDK 64-Bit Server VM"/>
    <property name="java.vendor.version" value="Homebrew"/>
    <property name="localRepository" value="/Users/adishsharma/.m2/repository"/>
    <property name="java.vendor.url.bug" value="https://github.com/Homebrew/homebrew-core/issues"/>
    <property name="java.io.tmpdir" value="/var/folders/ng/tgqhgyg57xnd8sg1rnsmn6g80000gn/T/"/>
    <property name="java.version" value="18.0.1.1"/>
    <property name="user.dir" value="/Users/adishsharma/Desktop/MavenTest/maven_test"/>
    <property name="os.arch" value="x86_64"/>
    <property name="java.vm.specification.name" value="Java Virtual Machine Specification"/>
    <property name="native.encoding" value="UTF-8"/>
    <property name="java.library.path" value="/Users/adishsharma/Library/Java/Extensions:/Library/Java/Extensions:/Network/Library/Java/Extensions:/System/Library/Java/Extensions:/usr/lib/java:."/>
    <property name="java.vm.info" value="mixed mode, sharing"/>
    <property name="java.vendor" value="Homebrew"/>
    <property name="java.vm.version" value="18.0.1.1+0"/>
    <property name="sun.io.unicode.encoding" value="UnicodeBig"/>
    <property name="java.class.version" value="62.0"/>
  </properties>
  <testcase name="TestOUDPDevFinalName" classname="com.oudp.platform.test_oudpDev" time="0.007">
    <system-out><![CDATA[Concating FirstName and LastName to generate FullName
]]></system-out>
  </testcase>
  <testcase name="TestOUDPDevFirstName" classname="com.oudp.platform.test_oudpDev" time="0">
    <system-out><![CDATA[Checking FirstName is empty Or Not !!!!
]]></system-out>
  </testcase>
  <testcase name="TestOUDPDevLastName" classname="com.oudp.platform.test_oudpDev" time="0">
    <system-out><![CDATA[Checking LastName more than 5 Char's
]]></system-out>
  </testcase>
</testsuite>