<?xml version="1.0" encoding="UTF-8"?>
<!-- Generated by org.testng.reporters.JUnitReportReporter -->
<testsuite hostname="adishsharma-mac" failures="0" tests="3" name="com.oudp.platform.test_oudpDev" time="0.007" errors="0" timestamp="4 Oct 2023 11:18:21 GMT">
  <testcase classname="com.oudp.platform.test_oudpDev" name="TestOUDPDevFinalName" time="0.007"/>
  <testcase classname="com.oudp.platform.test_oudpDev" name="TestOUDPDevLastName" time="0.000"/>
  <testcase classname="com.oudp.platform.test_oudpDev" name="TestOUDPDevFirstName" time="0.000"/>
</testsuite> <!-- com.oudp.platform.test_oudpDev -->
